0 verbose cli C:\nvm4w\nodejs\node.exe C:\nvm4w\nodejs\node_modules\npm\bin\npm-cli.js
1 info using npm@10.2.4
2 info using node@v20.11.0
3 timing npm:load:whichnode Completed in 2ms
4 timing config:load:defaults Completed in 1ms
5 timing config:load:file:C:\Users\arsi\AppData\Local\nvm\v20.11.0\node_modules\npm\npmrc Completed in 2ms
6 timing config:load:builtin Completed in 2ms
7 timing config:load:cli Completed in 1ms
8 timing config:load:env Completed in 1ms
9 timing config:load:file:C:\Users\arsi\Desktop\Shortlist AI\shortlist-ai\.npmrc Completed in 2ms
10 timing config:load:project Completed in 3ms
11 timing config:load:file:C:\Users\arsi\.npmrc Completed in 0ms
12 timing config:load:user Completed in 0ms
13 timing config:load:file:C:\nvm4w\nodejs\etc\npmrc Completed in 0ms
14 timing config:load:global Completed in 0ms
15 timing config:load:setEnvs Completed in 0ms
16 timing config:load Completed in 10ms
17 timing npm:load:configload Completed in 10ms
18 timing config:load:flatten Completed in 2ms
19 timing npm:load:mkdirpcache Completed in 0ms
20 timing npm:load:mkdirplogs Completed in 0ms
21 verbose title npm run build
22 verbose argv "run" "build"
23 timing npm:load:setTitle Completed in 1ms
24 timing npm:load:display Completed in 0ms
25 verbose logfile logs-max:10 dir:C:\Users\arsi\Desktop\Shortlist AI\shortlist-ai\.npm\_logs\2025-06-29T07_07_26_639Z-
26 verbose logfile C:\Users\arsi\Desktop\Shortlist AI\shortlist-ai\.npm\_logs\2025-06-29T07_07_26_639Z-debug-0.log
27 timing npm:load:logFile Completed in 9ms
28 timing npm:load:timers Completed in 0ms
29 timing npm:load:configScope Completed in 0ms
30 timing npm:load Completed in 47ms
31 silly logfile done cleaning log files
32 http fetch GET 200 https://registry.npmjs.org/npm 1451ms (cache miss)
33 timing command:run Completed in 53439ms
34 notice
34 notice New [31mmajor[39m version of npm available! [31m10.2.4[39m -> [32m11.4.2[39m
34 notice Changelog: [36mhttps://github.com/npm/cli/releases/tag/v11.4.2[39m
34 notice Run [32mnpm install -g npm@11.4.2[39m to update!
34 notice
35 verbose exit 1
36 timing npm Completed in 53566ms
37 verbose code 1
